build/app/outputs/mapping/release/seeds.txt
com.example.day_offf_app.MainActivity
com.example.day_offf_app.MainActivity: MainActivity()
...
androidx.lifecycle.Lifecycle$Event: androidx.lifecycle.Lifecycle$Event ON_DESTROY
androidx.window.embedding.ExtensionEmbeddingBackend$SplitListenerWrapper: android.app.Activity activity
androidx.window.layout.WindowInfoTracker: kotlinx.coroutines.flow.Flow windowLayoutInfo(android.app.Activity)
kotlinx.coroutines.channels.RendezvousChannel
io.flutter.embedding.engine.mutatorsstack.FlutterMutatorsStack: java.util.List mutators
androidx.core.graphics.drawable.IconCompatParcelizer
kotlin.coroutines.jvm.internal.BaseContinuationImpl: kotlin.coroutines.Continuation create(kotlin.coroutines.Continuation)
androidx.window.embedding.SplitController: androidx.window.embedding.SplitController globalInstance
androidx.window.layout.WindowInfoTrackerImpl$windowLayoutInfo$1: java.lang.Object invoke(java.lang.Object,java.lang.Object)
io.flutter.plugin.editing.ImeSyncDeferringInsetsCallback: boolean access$302(io.flutter.plugin.editing.ImeSyncDeferringInsetsCallback,boolean)
androidx.window.layout.WindowInfoTrackerImpl$windowLayoutInfo$1: android.app.Activity $activity
io.flutter.plugin.platform.SingleViewPresentation: io.flutter.plugin.platform.PlatformViewFactory viewFactory
kotlinx.coroutines.internal.LockFreeLinkedListNode: java.lang.Object _next
androidx.window.layout.SidecarWindowBackend: androidx.window.layout.SidecarWindowBackend$Companion Companion
kotlin.jvm.internal.CallableReference: kotlin.reflect.KDeclarationContainer getOwner()
androidx.window.layout.WindowInfoTrackerImpl$windowLayoutInfo$1: java.lang.Object L$2
androidx.window.embedding.EmbeddingBackend: void registerSplitListenerForActivity(android.app.Activity,java.util.concurrent.Executor,androidx.core.util.Consumer)
io.flutter.embedding.engine.FlutterJNI: void notifyLowMemoryWarning()
androidx.activity.ImmLeaksCleaner
io.flutter.embedding.engine.FlutterJNI: boolean getIsSoftwareRenderingEnabled()
io.flutter.embedding.android.FlutterSplashView$SavedState
androidx.window.embedding.SplitRule: SplitRule(int,int,float,int,int,kotlin.jvm.internal.DefaultConstructorMarker)
androidx.window.layout.SidecarCompat$registerConfigurationChangeListener$configChangeObserver$1: void onLowMemory()
androidx.window.layout.ExtensionsWindowLayoutInfoAdapter: androidx.window.layout.FoldingFeature translate$window_release(android.app.Activity,androidx.window.extensions.layout.FoldingFeature)
androidx.window.layout.FoldingFeature$OcclusionType: androidx.window.layout.FoldingFeature$OcclusionType NONE
io.flutter.plugin.editing.ImeSyncDeferringInsetsCallback: boolean access$200(io.flutter.plugin.editing.ImeSyncDeferringInsetsCallback)
io.flutter.embedding.engine.renderer.SurfaceTextureWrapper: android.graphics.SurfaceTexture surfaceTexture()
io.flutter.plugin.platform.SingleViewPresentation: android.view.View$OnFocusChangeListener focusChangeListener
io.flutter.embedding.engine.FlutterJNI: void ensureAttachedToNative()
io.flutter.embedding.engine.FlutterJNI: void asyncWaitForVsync(long)
androidx.window.layout.WindowMetricsCalculator$Companion$reset$1
io.flutter.view.AccessibilityViewEmbedder: AccessibilityViewEmbedder(android.view.View,int)
android.support.v4.app.RemoteActionCompatParcelizer
androidx.window.embedding.SplitInfo: androidx.window.embedding.ActivityStack getPrimaryActivityStack()
androidx.core.app.CoreComponentFactory: CoreComponentFactory()
io.flutter.embedding.engine.mutatorsstack.FlutterMutatorsStack: void pushClipRect(int,int,int,int)
androidx.window.layout.SidecarWindowBackend$WindowLayoutChangeCallbackWrapper: void accept$lambda-0(androidx.window.layout.SidecarWindowBackend$WindowLayoutChangeCallbackWrapper,androidx.window.layout.WindowLayoutInfo)
androidx.window.core.Version: int patch
androidx.versionedparcelable.CustomVersionedParcelable: CustomVersionedParcelable()
io.flutter.embedding.android.FlutterView$ZeroSides: io.flutter.embedding.android.FlutterView$ZeroSides valueOf(java.lang.String)