build/app/outputs/mapping/release/mapping.txt
# compiler: R8
# compiler_version: 2.1.62
# min_api: 16
# pg_map_id: bac9a73
# common_typos_disable
...
kotlinx.coroutines.JobSupport$addLastAtomic$$inlined$addLastIf$1 -> kotlinx.coroutines.u1$c:
    kotlinx.coroutines.JobSupport this$0 -> d
    java.lang.Object $expect$inlined -> e
    java.lang.Object prepare(java.lang.Object) -> g
    java.lang.Object prepare(kotlinx.coroutines.internal.LockFreeLinkedListNode) -> i
kotlinx.coroutines.JobSupportKt -> kotlinx.coroutines.v1:
    kotlinx.coroutines.internal.Symbol COMPLETING_ALREADY -> a
    kotlinx.coroutines.internal.Symbol TOO_LATE_TO_CANCEL -> d
    kotlinx.coroutines.internal.Symbol SEALED -> e
    kotlinx.coroutines.internal.Symbol COMPLETING_WAITING_CHILDREN -> b
    kotlinx.coroutines.internal.Symbol COMPLETING_RETRY -> c
    kotlinx.coroutines.Empty EMPTY_NEW -> f
    kotlinx.coroutines.Empty EMPTY_ACTIVE -> g
    kotlinx.coroutines.internal.Symbol access$getCOMPLETING_ALREADY$p() -> a
    kotlinx.coroutines.internal.Symbol access$getCOMPLETING_RETRY$p() -> b
    kotlinx.coroutines.Empty access$getEMPTY_ACTIVE$p() -> c
    kotlinx.coroutines.Empty access$getEMPTY_NEW$p() -> d
    kotlinx.coroutines.internal.Symbol access$getSEALED$p() -> e
    kotlinx.coroutines.internal.Symbol access$getTOO_LATE_TO_CANCEL$p() -> f
    java.lang.Object boxIncomplete(java.lang.Object) -> g
kotlinx.coroutines.LazyStandaloneCoroutine -> kotlinx.coroutines.w1:
    kotlin.coroutines.Continuation continuation -> f
    void onStart() -> e0
kotlinx.coroutines.MainCoroutineDispatcher -> kotlinx.coroutines.x1:
    kotlinx.coroutines.MainCoroutineDispatcher getImmediate() -> p
    java.lang.String toStringInternalImpl() -> r
kotlinx.coroutines.NodeList -> kotlinx.coroutines.y1:
    boolean isActive() -> a
    kotlinx.coroutines.NodeList getList() -> c
    java.lang.String getString(java.lang.String) -> y
kotlinx.coroutines.NonDisposableHandle -> kotlinx.coroutines.z1:
    kotlinx.coroutines.NonDisposableHandle INSTANCE -> d
    void dispose() -> b
    boolean childCancelled(java.lang.Throwable) -> g
kotlinx.coroutines.NotCompleted -> kotlinx.coroutines.a2:
kotlinx.coroutines.ParentJob -> kotlinx.coroutines.b2:
    java.util.concurrent.CancellationException getChildJobCancellationCause() -> e
kotlinx.coroutines.StandaloneCoroutine -> kotlinx.coroutines.c2:
    boolean handleJobException(java.lang.Throwable) -> Q
kotlinx.coroutines.ThreadContextElement -> kotlinx.coroutines.d2:
    void restoreThreadContext(kotlin.coroutines.CoroutineContext,java.lang.Object) -> i
    java.lang.Object updateThreadContext(kotlin.coroutines.CoroutineContext) -> o
kotlinx.coroutines.ThreadLocalEventLoop -> kotlinx.coroutines.e2:
    kotlinx.coroutines.ThreadLocalEventLoop INSTANCE -> a
    java.lang.ThreadLocal ref -> b
    kotlinx.coroutines.EventLoop getEventLoop$kotlinx_coroutines_core() -> a
    void resetEventLoop$kotlinx_coroutines_core() -> b
    void setEventLoop$kotlinx_coroutines_core(kotlinx.coroutines.EventLoop) -> c
kotlinx.coroutines.Unconfined -> kotlinx.coroutines.f2:
    kotlinx.coroutines.Unconfined INSTANCE -> e
    void dispatch(kotlin.coroutines.CoroutineContext,java.lang.Runnable) -> k
    boolean isDispatchNeeded(kotlin.coroutines.CoroutineContext) -> n
kotlinx.coroutines.UndispatchedCoroutine -> kotlinx.coroutines.g2:
    java.lang.Object savedOldValue -> h
    kotlin.coroutines.CoroutineContext savedContext -> g
    void afterResume(java.lang.Object) -> t0
    boolean clearThreadContext() -> y0
    void saveThreadContext(kotlin.coroutines.CoroutineContext,java.lang.Object) -> z0
kotlinx.coroutines.UndispatchedMarker -> kotlinx.coroutines.h2:
    kotlinx.coroutines.UndispatchedMarker INSTANCE -> d
kotlinx.coroutines.YieldContext -> kotlinx.coroutines.i2:
    kotlinx.coroutines.YieldContext$Key Key -> e
    boolean dispatcherWasUnconfined -> d
kotlinx.coroutines.YieldContext$Key -> kotlinx.coroutines.i2$a: