build/app/outputs/mapping/release/usage.txt
com.example.day_offf_app.R$attr
com.example.day_offf_app.R$style
com.example.day_offf_app.R$layout
com.example.day_offf_app.BuildConfig
com.example.day_offf_app.R$color
com.example.day_offf_app.R$integer
com.example.day_offf_app.R$styleable
com.example.day_offf_app.R$string
com.example.day_offf_app.R$drawable
com.example.day_offf_app.R$mipmap
com.example.day_offf_app.R$dimen
com.example.day_offf_app.R
com.example.day_offf_app.R$id
...
com.google.common.collect.MapMakerInternalMap$1
kotlinx.coroutines.flow.internal.FusibleFlow$DefaultImpls
androidx.core.view.accessibility.AccessibilityViewCommand
kotlin.internal.jdk8.JDK8PlatformImplementations:
    public kotlin.text.MatchGroup getMatchResultNamedGroup(java.util.regex.MatchResult,java.lang.String)
com.google.common.collect.HashBiMap$KeySet
com.google.common.collect.MapMakerInternalMap$WeakKeyWeakValueSegment
com.google.common.collect.MapMakerInternalMap$HashIterator
com.google.common.collect.RegularImmutableMultiset$ElementSet
androidx.core.provider.FontRequestWorker$4
org.jetbrains.annotations.Nullable
kotlinx.coroutines.flow.FlowKt__ReduceKt$last$1
com.google.common.reflect.TypeToInstanceMap
com.google.common.util.concurrent.CycleDetectingLockFactory$Policy
io.flutter.plugin.common.PluginRegistry$Registrar
kotlinx.coroutines.scheduling.WorkQueueKt
androidx.core.view.WindowInsetsControllerCompat$Impl26:
    public boolean isAppearanceLightNavigationBars()
com.google.common.collect.CompactHashMap$EntrySetView
com.google.errorprone.annotations.Var
kotlinx.coroutines.android.HandlerContext:
    public static final synthetic android.os.Handler access$getHandler$p(kotlinx.coroutines.android.HandlerContext)
    public void scheduleResumeAfterDelay(long,kotlinx.coroutines.CancellableContinuation)
    public kotlinx.coroutines.DisposableHandle invokeOnTimeout(long,java.lang.Runnable,kotlin.coroutines.CoroutineContext)
    public synthetic bridge kotlinx.coroutines.android.HandlerDispatcher getImmediate()
kotlin.ExceptionsKt__ExceptionsKt:
    private static final void printStackTrace(java.lang.Throwable)
    private static final void printStackTrace(java.lang.Throwable,java.io.PrintWriter)
    private static final void printStackTrace(java.lang.Throwable,java.io.PrintStream)
    public static final java.lang.StackTraceElement[] getStackTrace(java.lang.Throwable)
    public static synthetic void getStackTrace$annotations(java.lang.Throwable)
    public static final java.lang.String stackTraceToString(java.lang.Throwable)
    public static final java.util.List getSuppressedExceptions(java.lang.Throwable)
    public static synthetic void getSuppressedExceptions$annotations(java.lang.Throwable)
    public void <init>()
kotlin.ranges.RangesKt___RangesKt:
    private static final int random(kotlin.ranges.IntRange)
    private static final long random(kotlin.ranges.LongRange)
    private static final char random(kotlin.ranges.CharRange)
    public static final int random(kotlin.ranges.IntRange,kotlin.random.Random)
    public static final long random(kotlin.ranges.LongRange,kotlin.random.Random)
    public static final char random(kotlin.ranges.CharRange,kotlin.random.Random)
    private static final java.lang.Integer randomOrNull(kotlin.ranges.IntRange)
    private static final java.lang.Long randomOrNull(kotlin.ranges.LongRange)
    private static final java.lang.Character randomOrNull(kotlin.ranges.CharRange)
    public static final java.lang.Integer randomOrNull(kotlin.ranges.IntRange,kotlin.random.Random)
    public static final java.lang.Long randomOrNull(kotlin.ranges.LongRange,kotlin.random.Random)
    public static final java.lang.Character randomOrNull(kotlin.ranges.CharRange,kotlin.random.Random)
    private static final boolean contains(kotlin.ranges.IntRange,java.lang.Integer)
    private static final boolean contains(kotlin.ranges.LongRange,java.lang.Long)
    private static final boolean contains(kotlin.ranges.CharRange,java.lang.Character)
    public static final boolean intRangeContains(kotlin.ranges.ClosedRange,byte)
    public static final boolean longRangeContains(kotlin.ranges.ClosedRange,byte)
kotlin.io.path.PathsKt
kotlin.WasExperimental
androidx.core.view.WindowInsetsCompat$BuilderImpl29
com.google.common.util.concurrent.ServiceManager$ServiceManagerState$StoppedGuard
kotlin.time.TimeSource
com.google.common.collect.Iterators$2
androidx.core.text.PrecomputedTextCompat$Params$Builder